[debug] [2020-09-28T14:01:37.948Z] ----------------------------------------------------------------------
[debug] [2020-09-28T14:01:37.950Z] Command:       /usr/local/Cellar/node/14.10.0/bin/node /usr/local/bin/firebase emulators:start
[debug] [2020-09-28T14:01:37.950Z] CLI Version:   8.11.1
[debug] [2020-09-28T14:01:37.951Z] Platform:      darwin
[debug] [2020-09-28T14:01:37.951Z] Node Version:  v14.10.0
[debug] [2020-09-28T14:01:37.951Z] Time:          Mon Sep 28 2020 16:01:37 GMT+0200 (Central European Summer Time)
[debug] [2020-09-28T14:01:37.951Z] ----------------------------------------------------------------------
[debug] [2020-09-28T14:01:37.952Z] 
[debug] [2020-09-28T14:01:37.960Z] > command requires scopes: ["email","openid","https://www.googleapis.com/auth/cloudplatformprojects.readonly","https://www.googleapis.com/auth/firebase","https://www.googleapis.com/auth/cloud-platform"]
[debug] [2020-09-28T14:01:37.960Z] > authorizing via signed-in user
[info] i  emulators: Starting emulators: functions, hosting {"metadata":{"emulator":{"name":"hub"},"message":"Starting emulators: functions, hosting"}}
[debug] [2020-09-28T14:01:37.976Z] [hub] writing locator at /var/folders/b5/jn08w1vj35138wjcsrlxkr4c0000gn/T/hub-react-5453f.json
[warn] ⚠  functions: The following emulators are not running, calls to these services from the Functions emulator will affect production: auth, firestore, database, pubsub {"metadata":{"emulator":{"name":"functions"},"message":"The following emulators are not running, calls to these services from the Functions emulator will affect production: \u001b[1mauth, firestore, database, pubsub\u001b[22m"}}
[warn] ⚠  Your requested "node" version "10" doesn't match your global version "14" {"metadata":{"emulator":{"name":"functions"},"message":"Your requested \"node\" version \"10\" doesn't match your global version \"14\""}}
[debug] [2020-09-28T14:01:38.003Z] defaultcredentials: writing to file /Users/sven/.config/firebase/info_svenkusebauch_de_application_default_credentials.json
[debug] [2020-09-28T14:01:38.006Z] Setting GAC to /Users/sven/.config/firebase/info_svenkusebauch_de_application_default_credentials.json {"metadata":{"emulator":{"name":"functions"},"message":"Setting GAC to /Users/sven/.config/firebase/info_svenkusebauch_de_application_default_credentials.json"}}
[debug] [2020-09-28T14:01:38.268Z] >>> HTTP REQUEST GET https://firebase.googleapis.com/v1beta1/projects/react-5453f/webApps/-/config  
 
[debug] [2020-09-28T14:01:39.072Z] <<< HTTP RESPONSE 200 {"content-type":"application/json; charset=UTF-8","vary":"X-Origin, Referer, Origin,Accept-Encoding","date":"Mon, 28 Sep 2020 14:01:39 GMT","server":"ESF","cache-control":"private","x-xss-protection":"0","x-frame-options":"SAMEORIGIN","x-content-type-options":"nosniff","alt-svc":"h3-Q050=\":443\"; ma=2592000,h3-29=\":443\"; ma=2592000,h3-27=\":443\"; ma=2592000,h3-T051=\":443\"; ma=2592000,h3-T050=\":443\"; ma=2592000,h3-Q046=\":443\"; ma=2592000,h3-Q043=\":443\"; ma=2592000,quic=\":443\"; ma=2592000; v=\"46,43\"","accept-ranges":"none","transfer-encoding":"chunked"}
[info] i  hosting: Serving hosting files from: build {"metadata":{"emulator":{"name":"hosting"},"message":"Serving hosting files from: \u001b[1mbuild\u001b[22m"}}
[info] ✔  hosting: Local server: http://localhost:5000 {"metadata":{"emulator":{"name":"hosting"},"message":"Local server: \u001b[4m\u001b[1mhttp://localhost:5000\u001b[22m\u001b[24m"}}
[warn] ⚠  ui: Emulator UI unable to start on port 4000, starting on 4001 instead. {"metadata":{"emulator":{"name":"ui"},"message":"Emulator UI unable to start on port 4000, starting on 4001 instead."}}
[debug] [2020-09-28T14:01:39.120Z] Ignoring unsupported arg: auto_download {"metadata":{"emulator":{"name":"ui"},"message":"Ignoring unsupported arg: auto_download"}}
[debug] [2020-09-28T14:01:39.120Z] Ignoring unsupported arg: port {"metadata":{"emulator":{"name":"ui"},"message":"Ignoring unsupported arg: port"}}
[debug] [2020-09-28T14:01:39.121Z] Starting Emulator UI with command {"binary":"node","args":["/Users/sven/.cache/firebase/emulators/ui-v1.1.1/server.bundle.js"],"optionalArgs":[],"joinArgs":false} {"metadata":{"emulator":{"name":"ui"},"message":"Starting Emulator UI with command {\"binary\":\"node\",\"args\":[\"/Users/sven/.cache/firebase/emulators/ui-v1.1.1/server.bundle.js\"],\"optionalArgs\":[],\"joinArgs\":false}"}}
[info] i  ui: Emulator UI logging to ui-debug.log {"metadata":{"emulator":{"name":"ui"},"message":"Emulator UI logging to \u001b[1mui-debug.log\u001b[22m"}}
[debug] [2020-09-28T14:01:39.213Z] Web / API server started at http://localhost:4001
 {"metadata":{"emulator":{"name":"ui"},"message":"Web / API server started at http://localhost:4001\n"}}
[info] i  functions: Watching "/Users/sven/code/skusebauch/react-amazon/functions" for Cloud Functions... {"metadata":{"emulator":{"name":"functions"},"message":"Watching \"/Users/sven/code/skusebauch/react-amazon/functions\" for Cloud Functions..."}}
[debug] [2020-09-28T14:01:39.388Z] [worker-pool] addWorker(~diagnostic~) {"metadata":{"emulator":{"name":"functions"},"message":"[worker-pool] addWorker(~diagnostic~)"}}
[debug] [2020-09-28T14:01:39.388Z] [worker-pool] Adding worker with key ~diagnostic~, total=1 {"metadata":{"emulator":{"name":"functions"},"message":"[worker-pool] Adding worker with key ~diagnostic~, total=1"}}
[debug] [2020-09-28T14:01:39.388Z] [worker-pool] submitWork(triggerId=) {"metadata":{"emulator":{"name":"functions"},"message":"[worker-pool] submitWork(triggerId=)"}}
[debug] [2020-09-28T14:01:39.389Z] [worker-~diagnostic~-13102342-b55b-4f50-915f-0d47a4ab8e25]: Assigning socketPath: /var/folders/b5/jn08w1vj35138wjcsrlxkr4c0000gn/T/fire_emu_35412.sock {"metadata":{"emulator":{"name":"functions"},"message":"[worker-~diagnostic~-13102342-b55b-4f50-915f-0d47a4ab8e25]: Assigning socketPath: /var/folders/b5/jn08w1vj35138wjcsrlxkr4c0000gn/T/fire_emu_35412.sock"}}
[debug] [2020-09-28T14:01:39.389Z] [worker-~diagnostic~-13102342-b55b-4f50-915f-0d47a4ab8e25]: BUSY {"metadata":{"emulator":{"name":"functions"},"message":"[worker-~diagnostic~-13102342-b55b-4f50-915f-0d47a4ab8e25]: BUSY"}}
[debug] [2020-09-28T14:01:39.631Z] [runtime-status] [35412] Functions runtime initialized. {"cwd":"/Users/sven/code/skusebauch/react-amazon/functions","node_version":"14.10.0"} {"metadata":{"emulator":{"name":"functions"},"message":"[runtime-status] [35412] Functions runtime initialized. {\"cwd\":\"/Users/sven/code/skusebauch/react-amazon/functions\",\"node_version\":\"14.10.0\"}"}}
[debug] [2020-09-28T14:01:39.632Z] [runtime-status] [35412] Disabled runtime features: undefined {"metadata":{"emulator":{"name":"functions"},"message":"[runtime-status] [35412] Disabled runtime features: undefined"}}
[debug] [2020-09-28T14:01:39.633Z] [runtime-status] [35412] Resolved module firebase-admin {"declared":true,"installed":true,"version":"8.13.0","resolution":"/Users/sven/code/skusebauch/react-amazon/functions/node_modules/firebase-admin/lib/index.js"} {"metadata":{"emulator":{"name":"functions"},"message":"[runtime-status] [35412] Resolved module firebase-admin {\"declared\":true,\"installed\":true,\"version\":\"8.13.0\",\"resolution\":\"/Users/sven/code/skusebauch/react-amazon/functions/node_modules/firebase-admin/lib/index.js\"}"}}
[debug] [2020-09-28T14:01:39.634Z] [runtime-status] [35412] Resolved module firebase-functions {"declared":true,"installed":true,"version":"3.11.0","resolution":"/Users/sven/code/skusebauch/react-amazon/functions/node_modules/firebase-functions/lib/index.js"} {"metadata":{"emulator":{"name":"functions"},"message":"[runtime-status] [35412] Resolved module firebase-functions {\"declared\":true,\"installed\":true,\"version\":\"3.11.0\",\"resolution\":\"/Users/sven/code/skusebauch/react-amazon/functions/node_modules/firebase-functions/lib/index.js\"}"}}
[debug] [2020-09-28T14:01:39.635Z] [runtime-status] [35412] Resolved module firebase-functions {"declared":true,"installed":true,"version":"3.11.0","resolution":"/Users/sven/code/skusebauch/react-amazon/functions/node_modules/firebase-functions/lib/index.js"} {"metadata":{"emulator":{"name":"functions"},"message":"[runtime-status] [35412] Resolved module firebase-functions {\"declared\":true,\"installed\":true,\"version\":\"3.11.0\",\"resolution\":\"/Users/sven/code/skusebauch/react-amazon/functions/node_modules/firebase-functions/lib/index.js\"}"}}
[debug] [2020-09-28T14:01:39.636Z] [runtime-status] [35412] Outgoing network have been stubbed. [{"name":"http","status":"mocked"},{"name":"http","status":"mocked"},{"name":"https","status":"mocked"},{"name":"https","status":"mocked"},{"name":"net","status":"mocked"}] {"metadata":{"emulator":{"name":"functions"},"message":"[runtime-status] [35412] Outgoing network have been stubbed. [{\"name\":\"http\",\"status\":\"mocked\"},{\"name\":\"http\",\"status\":\"mocked\"},{\"name\":\"https\",\"status\":\"mocked\"},{\"name\":\"https\",\"status\":\"mocked\"},{\"name\":\"net\",\"status\":\"mocked\"}]"}}
[debug] [2020-09-28T14:01:39.637Z] [runtime-status] [35412] Resolved module firebase-functions {"declared":true,"installed":true,"version":"3.11.0","resolution":"/Users/sven/code/skusebauch/react-amazon/functions/node_modules/firebase-functions/lib/index.js"} {"metadata":{"emulator":{"name":"functions"},"message":"[runtime-status] [35412] Resolved module firebase-functions {\"declared\":true,\"installed\":true,\"version\":\"3.11.0\",\"resolution\":\"/Users/sven/code/skusebauch/react-amazon/functions/node_modules/firebase-functions/lib/index.js\"}"}}
[debug] [2020-09-28T14:01:39.685Z] [runtime-status] [35412] Checked functions.config() {"config":{}} {"metadata":{"emulator":{"name":"functions"},"message":"[runtime-status] [35412] Checked functions.config() {\"config\":{}}"}}
[debug] [2020-09-28T14:01:39.685Z] [runtime-status] [35412] firebase-functions has been stubbed. {"functionsResolution":{"declared":true,"installed":true,"version":"3.11.0","resolution":"/Users/sven/code/skusebauch/react-amazon/functions/node_modules/firebase-functions/lib/index.js"}} {"metadata":{"emulator":{"name":"functions"},"message":"[runtime-status] [35412] firebase-functions has been stubbed. {\"functionsResolution\":{\"declared\":true,\"installed\":true,\"version\":\"3.11.0\",\"resolution\":\"/Users/sven/code/skusebauch/react-amazon/functions/node_modules/firebase-functions/lib/index.js\"}}"}}
[debug] [2020-09-28T14:01:39.685Z] [runtime-status] [35412] Resolved module firebase-functions {"declared":true,"installed":true,"version":"3.11.0","resolution":"/Users/sven/code/skusebauch/react-amazon/functions/node_modules/firebase-functions/lib/index.js"} {"metadata":{"emulator":{"name":"functions"},"message":"[runtime-status] [35412] Resolved module firebase-functions {\"declared\":true,\"installed\":true,\"version\":\"3.11.0\",\"resolution\":\"/Users/sven/code/skusebauch/react-amazon/functions/node_modules/firebase-functions/lib/index.js\"}"}}
[debug] [2020-09-28T14:01:39.686Z] [runtime-status] [35412] Resolved module firebase-admin {"declared":true,"installed":true,"version":"8.13.0","resolution":"/Users/sven/code/skusebauch/react-amazon/functions/node_modules/firebase-admin/lib/index.js"} {"metadata":{"emulator":{"name":"functions"},"message":"[runtime-status] [35412] Resolved module firebase-admin {\"declared\":true,\"installed\":true,\"version\":\"8.13.0\",\"resolution\":\"/Users/sven/code/skusebauch/react-amazon/functions/node_modules/firebase-admin/lib/index.js\"}"}}
[debug] [2020-09-28T14:01:39.686Z] [runtime-status] [35412] Resolved module firebase-functions {"declared":true,"installed":true,"version":"3.11.0","resolution":"/Users/sven/code/skusebauch/react-amazon/functions/node_modules/firebase-functions/lib/index.js"} {"metadata":{"emulator":{"name":"functions"},"message":"[runtime-status] [35412] Resolved module firebase-functions {\"declared\":true,\"installed\":true,\"version\":\"3.11.0\",\"resolution\":\"/Users/sven/code/skusebauch/react-amazon/functions/node_modules/firebase-functions/lib/index.js\"}"}}
[debug] [2020-09-28T14:01:39.686Z] [runtime-status] [35412] firebase-admin has been stubbed. {"adminResolution":{"declared":true,"installed":true,"version":"8.13.0","resolution":"/Users/sven/code/skusebauch/react-amazon/functions/node_modules/firebase-admin/lib/index.js"}} {"metadata":{"emulator":{"name":"functions"},"message":"[runtime-status] [35412] firebase-admin has been stubbed. {\"adminResolution\":{\"declared\":true,\"installed\":true,\"version\":\"8.13.0\",\"resolution\":\"/Users/sven/code/skusebauch/react-amazon/functions/node_modules/firebase-admin/lib/index.js\"}}"}}
[info] ✔  functions[api]: http function initialized (http://localhost:5001/react-5453f/us-central1/api). {"metadata":{"emulator":{"name":"functions"},"message":"\u001b[1mhttp\u001b[22m function initialized (http://localhost:5001/react-5453f/us-central1/api)."}}
[info] 
┌───────────────────────────────────────────────────────────────────────┐
│ ✔  All emulators ready! View status and logs at http://localhost:4001 │
└───────────────────────────────────────────────────────────────────────┘

┌───────────┬────────────────┬─────────────────────────────────┐
│ Emulator  │ Host:Port      │ View in Emulator UI             │
├───────────┼────────────────┼─────────────────────────────────┤
│ Functions │ localhost:5001 │ http://localhost:4001/functions │
├───────────┼────────────────┼─────────────────────────────────┤
│ Hosting   │ localhost:5000 │ n/a                             │
└───────────┴────────────────┴─────────────────────────────────┘
  Other reserved ports: 4400, 4500

Issues? Report them at https://github.com/firebase/firebase-tools/issues and attach the *-debug.log files.
 
[debug] [2020-09-28T14:01:39.831Z] [worker-~diagnostic~-13102342-b55b-4f50-915f-0d47a4ab8e25]: IDLE {"metadata":{"emulator":{"name":"functions"},"message":"[worker-~diagnostic~-13102342-b55b-4f50-915f-0d47a4ab8e25]: IDLE"}}
[debug] [2020-09-28T14:01:54.776Z] [work-queue] {"queueLength":1,"workRunningCount":0}
[debug] [2020-09-28T14:01:54.777Z] [work-queue] {"queueLength":0,"workRunningCount":1}
[debug] [2020-09-28T14:01:54.777Z] Accepted request POST /react-5453f/us-central1/api/payments/create?total=76378 --> api
[debug] [2020-09-28T14:01:54.783Z] [worker-pool] addWorker(api) {"metadata":{"emulator":{"name":"functions"},"message":"[worker-pool] addWorker(api)"}}
[debug] [2020-09-28T14:01:54.784Z] [worker-pool] Adding worker with key api, total=1 {"metadata":{"emulator":{"name":"functions"},"message":"[worker-pool] Adding worker with key api, total=1"}}
[debug] [2020-09-28T14:01:54.784Z] [worker-pool] submitWork(triggerId=api) {"metadata":{"emulator":{"name":"functions"},"message":"[worker-pool] submitWork(triggerId=api)"}}
[debug] [2020-09-28T14:01:54.784Z] [worker-api-3aa9dcac-3ce1-49e3-b703-6704ed270f5f]: Assigning socketPath: /var/folders/b5/jn08w1vj35138wjcsrlxkr4c0000gn/T/fire_emu_35418.sock {"metadata":{"emulator":{"name":"functions"},"message":"[worker-api-3aa9dcac-3ce1-49e3-b703-6704ed270f5f]: Assigning socketPath: /var/folders/b5/jn08w1vj35138wjcsrlxkr4c0000gn/T/fire_emu_35418.sock"}}
[debug] [2020-09-28T14:01:54.784Z] [worker-api-3aa9dcac-3ce1-49e3-b703-6704ed270f5f]: BUSY {"metadata":{"emulator":{"name":"functions"},"message":"[worker-api-3aa9dcac-3ce1-49e3-b703-6704ed270f5f]: BUSY"}}
[debug] [2020-09-28T14:01:55.050Z] [runtime-status] [35418] Functions runtime initialized. {"cwd":"/Users/sven/code/skusebauch/react-amazon/functions","node_version":"14.10.0"} {"metadata":{"emulator":{"name":"functions"},"function":{"name":"api"},"message":"[runtime-status] [35418] Functions runtime initialized. {\"cwd\":\"/Users/sven/code/skusebauch/react-amazon/functions\",\"node_version\":\"14.10.0\"}"}}
[debug] [2020-09-28T14:01:55.052Z] [runtime-status] [35418] Disabled runtime features: undefined {"metadata":{"emulator":{"name":"functions"},"function":{"name":"api"},"message":"[runtime-status] [35418] Disabled runtime features: undefined"}}
[debug] [2020-09-28T14:01:55.054Z] [runtime-status] [35418] Resolved module firebase-admin {"declared":true,"installed":true,"version":"8.13.0","resolution":"/Users/sven/code/skusebauch/react-amazon/functions/node_modules/firebase-admin/lib/index.js"} {"metadata":{"emulator":{"name":"functions"},"function":{"name":"api"},"message":"[runtime-status] [35418] Resolved module firebase-admin {\"declared\":true,\"installed\":true,\"version\":\"8.13.0\",\"resolution\":\"/Users/sven/code/skusebauch/react-amazon/functions/node_modules/firebase-admin/lib/index.js\"}"}}
[debug] [2020-09-28T14:01:55.055Z] [runtime-status] [35418] Resolved module firebase-functions {"declared":true,"installed":true,"version":"3.11.0","resolution":"/Users/sven/code/skusebauch/react-amazon/functions/node_modules/firebase-functions/lib/index.js"} {"metadata":{"emulator":{"name":"functions"},"function":{"name":"api"},"message":"[runtime-status] [35418] Resolved module firebase-functions {\"declared\":true,\"installed\":true,\"version\":\"3.11.0\",\"resolution\":\"/Users/sven/code/skusebauch/react-amazon/functions/node_modules/firebase-functions/lib/index.js\"}"}}
[debug] [2020-09-28T14:01:55.056Z] [runtime-status] [35418] Resolved module firebase-functions {"declared":true,"installed":true,"version":"3.11.0","resolution":"/Users/sven/code/skusebauch/react-amazon/functions/node_modules/firebase-functions/lib/index.js"} {"metadata":{"emulator":{"name":"functions"},"function":{"name":"api"},"message":"[runtime-status] [35418] Resolved module firebase-functions {\"declared\":true,\"installed\":true,\"version\":\"3.11.0\",\"resolution\":\"/Users/sven/code/skusebauch/react-amazon/functions/node_modules/firebase-functions/lib/index.js\"}"}}
[debug] [2020-09-28T14:01:55.058Z] [runtime-status] [35418] Outgoing network have been stubbed. [{"name":"http","status":"mocked"},{"name":"http","status":"mocked"},{"name":"https","status":"mocked"},{"name":"https","status":"mocked"},{"name":"net","status":"mocked"}] {"metadata":{"emulator":{"name":"functions"},"function":{"name":"api"},"message":"[runtime-status] [35418] Outgoing network have been stubbed. [{\"name\":\"http\",\"status\":\"mocked\"},{\"name\":\"http\",\"status\":\"mocked\"},{\"name\":\"https\",\"status\":\"mocked\"},{\"name\":\"https\",\"status\":\"mocked\"},{\"name\":\"net\",\"status\":\"mocked\"}]"}}
[debug] [2020-09-28T14:01:55.058Z] [runtime-status] [35418] Resolved module firebase-functions {"declared":true,"installed":true,"version":"3.11.0","resolution":"/Users/sven/code/skusebauch/react-amazon/functions/node_modules/firebase-functions/lib/index.js"} {"metadata":{"emulator":{"name":"functions"},"function":{"name":"api"},"message":"[runtime-status] [35418] Resolved module firebase-functions {\"declared\":true,\"installed\":true,\"version\":\"3.11.0\",\"resolution\":\"/Users/sven/code/skusebauch/react-amazon/functions/node_modules/firebase-functions/lib/index.js\"}"}}
[debug] [2020-09-28T14:01:55.105Z] [runtime-status] [35418] Checked functions.config() {"config":{}} {"metadata":{"emulator":{"name":"functions"},"function":{"name":"api"},"message":"[runtime-status] [35418] Checked functions.config() {\"config\":{}}"}}
[debug] [2020-09-28T14:01:55.106Z] [runtime-status] [35418] firebase-functions has been stubbed. {"functionsResolution":{"declared":true,"installed":true,"version":"3.11.0","resolution":"/Users/sven/code/skusebauch/react-amazon/functions/node_modules/firebase-functions/lib/index.js"}} {"metadata":{"emulator":{"name":"functions"},"function":{"name":"api"},"message":"[runtime-status] [35418] firebase-functions has been stubbed. {\"functionsResolution\":{\"declared\":true,\"installed\":true,\"version\":\"3.11.0\",\"resolution\":\"/Users/sven/code/skusebauch/react-amazon/functions/node_modules/firebase-functions/lib/index.js\"}}"}}
[debug] [2020-09-28T14:01:55.106Z] [runtime-status] [35418] Resolved module firebase-functions {"declared":true,"installed":true,"version":"3.11.0","resolution":"/Users/sven/code/skusebauch/react-amazon/functions/node_modules/firebase-functions/lib/index.js"} {"metadata":{"emulator":{"name":"functions"},"function":{"name":"api"},"message":"[runtime-status] [35418] Resolved module firebase-functions {\"declared\":true,\"installed\":true,\"version\":\"3.11.0\",\"resolution\":\"/Users/sven/code/skusebauch/react-amazon/functions/node_modules/firebase-functions/lib/index.js\"}"}}
[debug] [2020-09-28T14:01:55.107Z] [runtime-status] [35418] Resolved module firebase-admin {"declared":true,"installed":true,"version":"8.13.0","resolution":"/Users/sven/code/skusebauch/react-amazon/functions/node_modules/firebase-admin/lib/index.js"} {"metadata":{"emulator":{"name":"functions"},"function":{"name":"api"},"message":"[runtime-status] [35418] Resolved module firebase-admin {\"declared\":true,\"installed\":true,\"version\":\"8.13.0\",\"resolution\":\"/Users/sven/code/skusebauch/react-amazon/functions/node_modules/firebase-admin/lib/index.js\"}"}}
[debug] [2020-09-28T14:01:55.107Z] [runtime-status] [35418] Resolved module firebase-functions {"declared":true,"installed":true,"version":"3.11.0","resolution":"/Users/sven/code/skusebauch/react-amazon/functions/node_modules/firebase-functions/lib/index.js"} {"metadata":{"emulator":{"name":"functions"},"function":{"name":"api"},"message":"[runtime-status] [35418] Resolved module firebase-functions {\"declared\":true,\"installed\":true,\"version\":\"3.11.0\",\"resolution\":\"/Users/sven/code/skusebauch/react-amazon/functions/node_modules/firebase-functions/lib/index.js\"}"}}
[debug] [2020-09-28T14:01:55.107Z] [runtime-status] [35418] firebase-admin has been stubbed. {"adminResolution":{"declared":true,"installed":true,"version":"8.13.0","resolution":"/Users/sven/code/skusebauch/react-amazon/functions/node_modules/firebase-admin/lib/index.js"}} {"metadata":{"emulator":{"name":"functions"},"function":{"name":"api"},"message":"[runtime-status] [35418] firebase-admin has been stubbed. {\"adminResolution\":{\"declared\":true,\"installed\":true,\"version\":\"8.13.0\",\"resolution\":\"/Users/sven/code/skusebauch/react-amazon/functions/node_modules/firebase-admin/lib/index.js\"}}"}}
[debug] [2020-09-28T14:01:55.224Z] [runtime-status] [35418] Trigger "api" has been found, beginning invocation! {"metadata":{"emulator":{"name":"functions"},"function":{"name":"api"},"message":"[runtime-status] [35418] Trigger \"api\" has been found, beginning invocation!"}}
[info] i  functions: Beginning execution of "api" {"metadata":{"emulator":{"name":"functions"},"function":{"name":"api"},"message":"Beginning execution of \"api\""}}
[debug] [2020-09-28T14:01:55.225Z] [runtime-status] [35418] triggerDefinition {"httpsTrigger":{},"name":"api","entryPoint":"api"} {"metadata":{"emulator":{"name":"functions"},"function":{"name":"api"},"message":"[runtime-status] [35418] triggerDefinition {\"httpsTrigger\":{},\"name\":\"api\",\"entryPoint\":\"api\"}"}}
[debug] [2020-09-28T14:01:55.225Z] [runtime-status] [35418] Running api in mode HTTPS {"metadata":{"emulator":{"name":"functions"},"function":{"name":"api"},"message":"[runtime-status] [35418] Running api in mode HTTPS"}}
[debug] [2020-09-28T14:01:55.228Z] [runtime-status] [35418] Attempting to listen to socketPath: /var/folders/b5/jn08w1vj35138wjcsrlxkr4c0000gn/T/fire_emu_35418.sock {"metadata":{"emulator":{"name":"functions"},"function":{"name":"api"},"message":"[runtime-status] [35418] Attempting to listen to socketPath: /var/folders/b5/jn08w1vj35138wjcsrlxkr4c0000gn/T/fire_emu_35418.sock"}}
[debug] [2020-09-28T14:01:55.230Z] [functions] Runtime ready! Sending request! {"metadata":{"emulator":{"name":"functions"},"message":"[functions] Runtime ready! Sending request!"}}
[debug] [2020-09-28T14:01:55.237Z] [runtime-status] [35418] Ephemeral server handling POST request {"metadata":{"emulator":{"name":"functions"},"function":{"name":"api"},"message":"[runtime-status] [35418] Ephemeral server handling POST request"}}
[info] >  payment request recieved booom! >>  76378 {"user":"payment request recieved booom! >>  76378","metadata":{"emulator":{"name":"functions"},"function":{"name":"api"},"message":"\u001b[90m> \u001b[39m payment request recieved booom! >>  76378"}}
[debug] [2020-09-28T14:01:55.246Z] [runtime-status] [35418] Ephemeral server survived. {"metadata":{"emulator":{"name":"functions"},"function":{"name":"api"},"message":"[runtime-status] [35418] Ephemeral server survived."}}
[info] i  functions: Finished "api" in ~1s {"metadata":{"emulator":{"name":"functions"},"function":{"name":"api"},"message":"Finished \"api\" in ~1s"}}
[debug] [2020-09-28T14:01:56.054Z] [worker-api-3aa9dcac-3ce1-49e3-b703-6704ed270f5f]: IDLE {"metadata":{"emulator":{"name":"functions"},"message":"[worker-api-3aa9dcac-3ce1-49e3-b703-6704ed270f5f]: IDLE"}}
[debug] [2020-09-28T14:01:56.054Z] [work-queue] {"queueLength":0,"workRunningCount":0}
[debug] [2020-09-28T14:16:59.390Z] [work-queue] {"queueLength":1,"workRunningCount":0}
[debug] [2020-09-28T14:16:59.390Z] [work-queue] {"queueLength":0,"workRunningCount":1}
[debug] [2020-09-28T14:16:59.391Z] Accepted request POST /react-5453f/us-central1/api/payments/create?total=76378 --> api
[debug] [2020-09-28T14:16:59.391Z] [worker-pool] submitWork(triggerId=api) {"metadata":{"emulator":{"name":"functions"},"message":"[worker-pool] submitWork(triggerId=api)"}}
[debug] [2020-09-28T14:16:59.391Z] [worker-api-3aa9dcac-3ce1-49e3-b703-6704ed270f5f]: Assigning socketPath: /var/folders/b5/jn08w1vj35138wjcsrlxkr4c0000gn/T/fire_emu_35418.sock {"metadata":{"emulator":{"name":"functions"},"message":"[worker-api-3aa9dcac-3ce1-49e3-b703-6704ed270f5f]: Assigning socketPath: /var/folders/b5/jn08w1vj35138wjcsrlxkr4c0000gn/T/fire_emu_35418.sock"}}
[debug] [2020-09-28T14:16:59.391Z] [worker-api-3aa9dcac-3ce1-49e3-b703-6704ed270f5f]: BUSY {"metadata":{"emulator":{"name":"functions"},"message":"[worker-api-3aa9dcac-3ce1-49e3-b703-6704ed270f5f]: BUSY"}}
[debug] [2020-09-28T14:16:59.392Z] [runtime-status] [35418] Trigger "api" has been found, beginning invocation! {"metadata":{"emulator":{"name":"functions"},"function":{"name":"api"},"message":"[runtime-status] [35418] Trigger \"api\" has been found, beginning invocation!"}}
[info] i  functions: Beginning execution of "api" {"metadata":{"emulator":{"name":"functions"},"function":{"name":"api"},"message":"Beginning execution of \"api\""}}
[debug] [2020-09-28T14:16:59.392Z] [runtime-status] [35418] triggerDefinition {"httpsTrigger":{},"name":"api","entryPoint":"api"} {"metadata":{"emulator":{"name":"functions"},"function":{"name":"api"},"message":"[runtime-status] [35418] triggerDefinition {\"httpsTrigger\":{},\"name\":\"api\",\"entryPoint\":\"api\"}"}}
[debug] [2020-09-28T14:16:59.393Z] [runtime-status] [35418] Running api in mode HTTPS {"metadata":{"emulator":{"name":"functions"},"function":{"name":"api"},"message":"[runtime-status] [35418] Running api in mode HTTPS"}}
[debug] [2020-09-28T14:16:59.393Z] [runtime-status] [35418] Attempting to listen to socketPath: /var/folders/b5/jn08w1vj35138wjcsrlxkr4c0000gn/T/fire_emu_35418.sock {"metadata":{"emulator":{"name":"functions"},"function":{"name":"api"},"message":"[runtime-status] [35418] Attempting to listen to socketPath: /var/folders/b5/jn08w1vj35138wjcsrlxkr4c0000gn/T/fire_emu_35418.sock"}}
[debug] [2020-09-28T14:16:59.395Z] [functions] Runtime ready! Sending request! {"metadata":{"emulator":{"name":"functions"},"message":"[functions] Runtime ready! Sending request!"}}
[debug] [2020-09-28T14:16:59.398Z] [runtime-status] [35418] Ephemeral server handling POST request {"metadata":{"emulator":{"name":"functions"},"function":{"name":"api"},"message":"[runtime-status] [35418] Ephemeral server handling POST request"}}
[info] >  payment request recieved booom! >>  76378 {"user":"payment request recieved booom! >>  76378","metadata":{"emulator":{"name":"functions"},"function":{"name":"api"},"message":"\u001b[90m> \u001b[39m payment request recieved booom! >>  76378"}}
[debug] [2020-09-28T14:16:59.401Z] [runtime-status] [35418] Ephemeral server survived. {"metadata":{"emulator":{"name":"functions"},"function":{"name":"api"},"message":"[runtime-status] [35418] Ephemeral server survived."}}
[info] i  functions: Finished "api" in ~1s {"metadata":{"emulator":{"name":"functions"},"function":{"name":"api"},"message":"Finished \"api\" in ~1s"}}
[debug] [2020-09-28T14:16:59.838Z] [worker-api-3aa9dcac-3ce1-49e3-b703-6704ed270f5f]: IDLE {"metadata":{"emulator":{"name":"functions"},"message":"[worker-api-3aa9dcac-3ce1-49e3-b703-6704ed270f5f]: IDLE"}}
[debug] [2020-09-28T14:16:59.838Z] [work-queue] {"queueLength":0,"workRunningCount":0}
[debug] [2020-09-28T14:17:11.493Z] [work-queue] {"queueLength":1,"workRunningCount":0}
[debug] [2020-09-28T14:17:11.493Z] [work-queue] {"queueLength":0,"workRunningCount":1}
[debug] [2020-09-28T14:17:11.493Z] Accepted request POST /react-5453f/us-central1/api/payments/create?total=0 --> api
[debug] [2020-09-28T14:17:11.493Z] [worker-pool] submitWork(triggerId=api) {"metadata":{"emulator":{"name":"functions"},"message":"[worker-pool] submitWork(triggerId=api)"}}
[debug] [2020-09-28T14:17:11.494Z] [worker-api-3aa9dcac-3ce1-49e3-b703-6704ed270f5f]: Assigning socketPath: /var/folders/b5/jn08w1vj35138wjcsrlxkr4c0000gn/T/fire_emu_35418.sock {"metadata":{"emulator":{"name":"functions"},"message":"[worker-api-3aa9dcac-3ce1-49e3-b703-6704ed270f5f]: Assigning socketPath: /var/folders/b5/jn08w1vj35138wjcsrlxkr4c0000gn/T/fire_emu_35418.sock"}}
[debug] [2020-09-28T14:17:11.494Z] [worker-api-3aa9dcac-3ce1-49e3-b703-6704ed270f5f]: BUSY {"metadata":{"emulator":{"name":"functions"},"message":"[worker-api-3aa9dcac-3ce1-49e3-b703-6704ed270f5f]: BUSY"}}
[debug] [2020-09-28T14:17:11.494Z] [runtime-status] [35418] Trigger "api" has been found, beginning invocation! {"metadata":{"emulator":{"name":"functions"},"function":{"name":"api"},"message":"[runtime-status] [35418] Trigger \"api\" has been found, beginning invocation!"}}
[info] i  functions: Beginning execution of "api" {"metadata":{"emulator":{"name":"functions"},"function":{"name":"api"},"message":"Beginning execution of \"api\""}}
[debug] [2020-09-28T14:17:11.494Z] [runtime-status] [35418] triggerDefinition {"httpsTrigger":{},"name":"api","entryPoint":"api"} {"metadata":{"emulator":{"name":"functions"},"function":{"name":"api"},"message":"[runtime-status] [35418] triggerDefinition {\"httpsTrigger\":{},\"name\":\"api\",\"entryPoint\":\"api\"}"}}
[debug] [2020-09-28T14:17:11.495Z] [runtime-status] [35418] Running api in mode HTTPS {"metadata":{"emulator":{"name":"functions"},"function":{"name":"api"},"message":"[runtime-status] [35418] Running api in mode HTTPS"}}
[debug] [2020-09-28T14:17:11.495Z] [runtime-status] [35418] Attempting to listen to socketPath: /var/folders/b5/jn08w1vj35138wjcsrlxkr4c0000gn/T/fire_emu_35418.sock {"metadata":{"emulator":{"name":"functions"},"function":{"name":"api"},"message":"[runtime-status] [35418] Attempting to listen to socketPath: /var/folders/b5/jn08w1vj35138wjcsrlxkr4c0000gn/T/fire_emu_35418.sock"}}
[debug] [2020-09-28T14:17:11.495Z] [functions] Runtime ready! Sending request! {"metadata":{"emulator":{"name":"functions"},"message":"[functions] Runtime ready! Sending request!"}}
[debug] [2020-09-28T14:17:11.497Z] [runtime-status] [35418] Ephemeral server handling POST request {"metadata":{"emulator":{"name":"functions"},"function":{"name":"api"},"message":"[runtime-status] [35418] Ephemeral server handling POST request"}}
[info] >  payment request recieved booom! >>  0 {"user":"payment request recieved booom! >>  0","metadata":{"emulator":{"name":"functions"},"function":{"name":"api"},"message":"\u001b[90m> \u001b[39m payment request recieved booom! >>  0"}}
[debug] [2020-09-28T14:17:11.498Z] [runtime-status] [35418] Ephemeral server survived. {"metadata":{"emulator":{"name":"functions"},"function":{"name":"api"},"message":"[runtime-status] [35418] Ephemeral server survived."}}
[info] >  (node:35418) UnhandledPromiseRejectionWarning: Error: This value must be greater than or equal to 1. {"user":"(node:35418) UnhandledPromiseRejectionWarning: Error: This value must be greater than or equal to 1.","metadata":{"emulator":{"name":"functions"},"function":{"name":"api"},"message":"\u001b[90m> \u001b[39m (node:35418) UnhandledPromiseRejectionWarning: Error: This value must be greater than or equal to 1."}}
[info] >      at Function.generate (/Users/sven/code/skusebauch/react-amazon/functions/node_modules/stripe/lib/Error.js:39:16) {"user":"    at Function.generate (/Users/sven/code/skusebauch/react-amazon/functions/node_modules/stripe/lib/Error.js:39:16)","metadata":{"emulator":{"name":"functions"},"function":{"name":"api"},"message":"\u001b[90m> \u001b[39m     at Function.generate (/Users/sven/code/skusebauch/react-amazon/functions/node_modules/stripe/lib/Error.js:39:16)"}}
[info] >      at IncomingMessage.<anonymous> (/Users/sven/code/skusebauch/react-amazon/functions/node_modules/stripe/lib/StripeResource.js:190:33) {"user":"    at IncomingMessage.<anonymous> (/Users/sven/code/skusebauch/react-amazon/functions/node_modules/stripe/lib/StripeResource.js:190:33)","metadata":{"emulator":{"name":"functions"},"function":{"name":"api"},"message":"\u001b[90m> \u001b[39m     at IncomingMessage.<anonymous> (/Users/sven/code/skusebauch/react-amazon/functions/node_modules/stripe/lib/StripeResource.js:190:33)"}}
[info] >      at Object.onceWrapper (events.js:420:28) {"user":"    at Object.onceWrapper (events.js:420:28)","metadata":{"emulator":{"name":"functions"},"function":{"name":"api"},"message":"\u001b[90m> \u001b[39m     at Object.onceWrapper (events.js:420:28)"}}
[info] >      at IncomingMessage.emit (events.js:326:22) {"user":"    at IncomingMessage.emit (events.js:326:22)","metadata":{"emulator":{"name":"functions"},"function":{"name":"api"},"message":"\u001b[90m> \u001b[39m     at IncomingMessage.emit (events.js:326:22)"}}
[info] >      at endReadableNT (_stream_readable.js:1308:12) {"user":"    at endReadableNT (_stream_readable.js:1308:12)","metadata":{"emulator":{"name":"functions"},"function":{"name":"api"},"message":"\u001b[90m> \u001b[39m     at endReadableNT (_stream_readable.js:1308:12)"}}
[info] >      at processTicksAndRejections (internal/process/task_queues.js:80:21) {"user":"    at processTicksAndRejections (internal/process/task_queues.js:80:21)","metadata":{"emulator":{"name":"functions"},"function":{"name":"api"},"message":"\u001b[90m> \u001b[39m     at processTicksAndRejections (internal/process/task_queues.js:80:21)"}}
[info] >  (Use `node --trace-warnings ...` to show where the warning was created) {"user":"(Use `node --trace-warnings ...` to show where the warning was created)","metadata":{"emulator":{"name":"functions"},"function":{"name":"api"},"message":"\u001b[90m> \u001b[39m (Use `node --trace-warnings ...` to show where the warning was created)"}}
[info] >  (node:35418) UnhandledPromiseRejectionWarning: Unhandled promise rejection. This error originated either by throwing inside of an async function without a catch block, or by rejecting a promise which was not handled with .catch(). To terminate the node process on unhandled promise rejection, use the CLI flag `--unhandled-rejections=strict` (see https://nodejs.org/api/cli.html#cli_unhandled_rejections_mode). (rejection id: 1) {"user":"(node:35418) UnhandledPromiseRejectionWarning: Unhandled promise rejection. This error originated either by throwing inside of an async function without a catch block, or by rejecting a promise which was not handled with .catch(). To terminate the node process on unhandled promise rejection, use the CLI flag `--unhandled-rejections=strict` (see https://nodejs.org/api/cli.html#cli_unhandled_rejections_mode). (rejection id: 1)","metadata":{"emulator":{"name":"functions"},"function":{"name":"api"},"message":"\u001b[90m> \u001b[39m (node:35418) UnhandledPromiseRejectionWarning: Unhandled promise rejection. This error originated either by throwing inside of an async function without a catch block, or by rejecting a promise which was not handled with .catch(). To terminate the node process on unhandled promise rejection, use the CLI flag `--unhandled-rejections=strict` (see https://nodejs.org/api/cli.html#cli_unhandled_rejections_mode). (rejection id: 1)"}}
[info] >  (node:35418) [DEP0018] DeprecationWarning: Unhandled promise rejections are deprecated. In the future, promise rejections that are not handled will terminate the Node.js process with a non-zero exit code. {"user":"(node:35418) [DEP0018] DeprecationWarning: Unhandled promise rejections are deprecated. In the future, promise rejections that are not handled will terminate the Node.js process with a non-zero exit code.","metadata":{"emulator":{"name":"functions"},"function":{"name":"api"},"message":"\u001b[90m> \u001b[39m (node:35418) [DEP0018] DeprecationWarning: Unhandled promise rejections are deprecated. In the future, promise rejections that are not handled will terminate the Node.js process with a non-zero exit code."}}
[warn] ⚠  functions: Your function timed out after ~60s. To configure this timeout, see
      https://firebase.google.com/docs/functions/manage-functions#set_timeout_and_memory_allocation. {"metadata":{"emulator":{"name":"functions"},"function":{"name":"api"},"message":"Your function timed out after ~60s. To configure this timeout, see\n      https://firebase.google.com/docs/functions/manage-functions#set_timeout_and_memory_allocation."}}
[info] >  /usr/local/lib/node_modules/firebase-tools/lib/emulator/functionsEmulatorRuntime.js:642 {"user":"/usr/local/lib/node_modules/firebase-tools/lib/emulator/functionsEmulatorRuntime.js:642","metadata":{"emulator":{"name":"functions"},"function":{"name":"api"},"message":"\u001b[90m> \u001b[39m /usr/local/lib/node_modules/firebase-tools/lib/emulator/functionsEmulatorRuntime.js:642"}}
[info] >                  throw new Error("Function timed out."); {"user":"                throw new Error(\"Function timed out.\");","metadata":{"emulator":{"name":"functions"},"function":{"name":"api"},"message":"\u001b[90m> \u001b[39m                 throw new Error(\"Function timed out.\");"}}
[info] >                  ^ {"user":"                ^","metadata":{"emulator":{"name":"functions"},"function":{"name":"api"},"message":"\u001b[90m> \u001b[39m                 ^"}}
[info] >   {"user":"","metadata":{"emulator":{"name":"functions"},"function":{"name":"api"},"message":"\u001b[90m> \u001b[39m "}}
[info] >  Error: Function timed out. {"user":"Error: Function timed out.","metadata":{"emulator":{"name":"functions"},"function":{"name":"api"},"message":"\u001b[90m> \u001b[39m Error: Function timed out."}}
[info] >      at Timeout._onTimeout (/usr/local/lib/node_modules/firebase-tools/lib/emulator/functionsEmulatorRuntime.js:642:23) {"user":"    at Timeout._onTimeout (/usr/local/lib/node_modules/firebase-tools/lib/emulator/functionsEmulatorRuntime.js:642:23)","metadata":{"emulator":{"name":"functions"},"function":{"name":"api"},"message":"\u001b[90m> \u001b[39m     at Timeout._onTimeout (/usr/local/lib/node_modules/firebase-tools/lib/emulator/functionsEmulatorRuntime.js:642:23)"}}
[info] >      at listOnTimeout (internal/timers.js:554:17) {"user":"    at listOnTimeout (internal/timers.js:554:17)","metadata":{"emulator":{"name":"functions"},"function":{"name":"api"},"message":"\u001b[90m> \u001b[39m     at listOnTimeout (internal/timers.js:554:17)"}}
[info] >      at processTimers (internal/timers.js:497:7) {"user":"    at processTimers (internal/timers.js:497:7)","metadata":{"emulator":{"name":"functions"},"function":{"name":"api"},"message":"\u001b[90m> \u001b[39m     at processTimers (internal/timers.js:497:7)"}}
[debug] [2020-09-28T14:18:11.506Z] [worker-api-3aa9dcac-3ce1-49e3-b703-6704ed270f5f]: exited {"metadata":{"emulator":{"name":"functions"},"message":"[worker-api-3aa9dcac-3ce1-49e3-b703-6704ed270f5f]: exited"}}
[debug] [2020-09-28T14:18:11.506Z] [worker-api-3aa9dcac-3ce1-49e3-b703-6704ed270f5f]: FINISHED {"metadata":{"emulator":{"name":"functions"},"message":"[worker-api-3aa9dcac-3ce1-49e3-b703-6704ed270f5f]: FINISHED"}}
[debug] [2020-09-28T14:18:11.506Z] [work-queue] {"queueLength":0,"workRunningCount":0}
[debug] [2020-09-28T14:26:16.101Z] [work-queue] {"queueLength":1,"workRunningCount":0}
[debug] [2020-09-28T14:26:16.102Z] [work-queue] {"queueLength":0,"workRunningCount":1}
[debug] [2020-09-28T14:26:16.102Z] Accepted request POST /react-5453f/us-central1/api/payments/create?total=378098.00000000006 --> api
[debug] [2020-09-28T14:26:16.102Z] [worker-pool] Cleaned up workers for api: 1 --> 0 {"metadata":{"emulator":{"name":"functions"},"message":"[worker-pool] Cleaned up workers for api: 1 --> 0"}}
[debug] [2020-09-28T14:26:16.106Z] [worker-pool] addWorker(api) {"metadata":{"emulator":{"name":"functions"},"message":"[worker-pool] addWorker(api)"}}
[debug] [2020-09-28T14:26:16.106Z] [worker-pool] Adding worker with key api, total=1 {"metadata":{"emulator":{"name":"functions"},"message":"[worker-pool] Adding worker with key api, total=1"}}
[debug] [2020-09-28T14:26:16.106Z] [worker-pool] submitWork(triggerId=api) {"metadata":{"emulator":{"name":"functions"},"message":"[worker-pool] submitWork(triggerId=api)"}}
[debug] [2020-09-28T14:26:16.107Z] [worker-api-e9427031-f0d3-4eac-81e4-11696ece9ad1]: Assigning socketPath: /var/folders/b5/jn08w1vj35138wjcsrlxkr4c0000gn/T/fire_emu_36065.sock {"metadata":{"emulator":{"name":"functions"},"message":"[worker-api-e9427031-f0d3-4eac-81e4-11696ece9ad1]: Assigning socketPath: /var/folders/b5/jn08w1vj35138wjcsrlxkr4c0000gn/T/fire_emu_36065.sock"}}
[debug] [2020-09-28T14:26:16.107Z] [worker-api-e9427031-f0d3-4eac-81e4-11696ece9ad1]: BUSY {"metadata":{"emulator":{"name":"functions"},"message":"[worker-api-e9427031-f0d3-4eac-81e4-11696ece9ad1]: BUSY"}}
[debug] [2020-09-28T14:26:16.660Z] [runtime-status] [36065] Functions runtime initialized. {"cwd":"/Users/sven/code/skusebauch/react-amazon/functions","node_version":"14.10.0"} {"metadata":{"emulator":{"name":"functions"},"function":{"name":"api"},"message":"[runtime-status] [36065] Functions runtime initialized. {\"cwd\":\"/Users/sven/code/skusebauch/react-amazon/functions\",\"node_version\":\"14.10.0\"}"}}
[debug] [2020-09-28T14:26:16.662Z] [runtime-status] [36065] Disabled runtime features: undefined {"metadata":{"emulator":{"name":"functions"},"function":{"name":"api"},"message":"[runtime-status] [36065] Disabled runtime features: undefined"}}
[debug] [2020-09-28T14:26:16.664Z] [runtime-status] [36065] Resolved module firebase-admin {"declared":true,"installed":true,"version":"8.13.0","resolution":"/Users/sven/code/skusebauch/react-amazon/functions/node_modules/firebase-admin/lib/index.js"} {"metadata":{"emulator":{"name":"functions"},"function":{"name":"api"},"message":"[runtime-status] [36065] Resolved module firebase-admin {\"declared\":true,\"installed\":true,\"version\":\"8.13.0\",\"resolution\":\"/Users/sven/code/skusebauch/react-amazon/functions/node_modules/firebase-admin/lib/index.js\"}"}}
[debug] [2020-09-28T14:26:16.665Z] [runtime-status] [36065] Resolved module firebase-functions {"declared":true,"installed":true,"version":"3.11.0","resolution":"/Users/sven/code/skusebauch/react-amazon/functions/node_modules/firebase-functions/lib/index.js"} {"metadata":{"emulator":{"name":"functions"},"function":{"name":"api"},"message":"[runtime-status] [36065] Resolved module firebase-functions {\"declared\":true,\"installed\":true,\"version\":\"3.11.0\",\"resolution\":\"/Users/sven/code/skusebauch/react-amazon/functions/node_modules/firebase-functions/lib/index.js\"}"}}
[debug] [2020-09-28T14:26:16.666Z] [runtime-status] [36065] Resolved module firebase-functions {"declared":true,"installed":true,"version":"3.11.0","resolution":"/Users/sven/code/skusebauch/react-amazon/functions/node_modules/firebase-functions/lib/index.js"} {"metadata":{"emulator":{"name":"functions"},"function":{"name":"api"},"message":"[runtime-status] [36065] Resolved module firebase-functions {\"declared\":true,\"installed\":true,\"version\":\"3.11.0\",\"resolution\":\"/Users/sven/code/skusebauch/react-amazon/functions/node_modules/firebase-functions/lib/index.js\"}"}}
[debug] [2020-09-28T14:26:16.668Z] [runtime-status] [36065] Outgoing network have been stubbed. [{"name":"http","status":"mocked"},{"name":"http","status":"mocked"},{"name":"https","status":"mocked"},{"name":"https","status":"mocked"},{"name":"net","status":"mocked"}] {"metadata":{"emulator":{"name":"functions"},"function":{"name":"api"},"message":"[runtime-status] [36065] Outgoing network have been stubbed. [{\"name\":\"http\",\"status\":\"mocked\"},{\"name\":\"http\",\"status\":\"mocked\"},{\"name\":\"https\",\"status\":\"mocked\"},{\"name\":\"https\",\"status\":\"mocked\"},{\"name\":\"net\",\"status\":\"mocked\"}]"}}
[debug] [2020-09-28T14:26:16.668Z] [runtime-status] [36065] Resolved module firebase-functions {"declared":true,"installed":true,"version":"3.11.0","resolution":"/Users/sven/code/skusebauch/react-amazon/functions/node_modules/firebase-functions/lib/index.js"} {"metadata":{"emulator":{"name":"functions"},"function":{"name":"api"},"message":"[runtime-status] [36065] Resolved module firebase-functions {\"declared\":true,\"installed\":true,\"version\":\"3.11.0\",\"resolution\":\"/Users/sven/code/skusebauch/react-amazon/functions/node_modules/firebase-functions/lib/index.js\"}"}}
[debug] [2020-09-28T14:26:16.739Z] [runtime-status] [36065] Checked functions.config() {"config":{}} {"metadata":{"emulator":{"name":"functions"},"function":{"name":"api"},"message":"[runtime-status] [36065] Checked functions.config() {\"config\":{}}"}}
[debug] [2020-09-28T14:26:16.739Z] [runtime-status] [36065] firebase-functions has been stubbed. {"functionsResolution":{"declared":true,"installed":true,"version":"3.11.0","resolution":"/Users/sven/code/skusebauch/react-amazon/functions/node_modules/firebase-functions/lib/index.js"}} {"metadata":{"emulator":{"name":"functions"},"function":{"name":"api"},"message":"[runtime-status] [36065] firebase-functions has been stubbed. {\"functionsResolution\":{\"declared\":true,\"installed\":true,\"version\":\"3.11.0\",\"resolution\":\"/Users/sven/code/skusebauch/react-amazon/functions/node_modules/firebase-functions/lib/index.js\"}}"}}
[debug] [2020-09-28T14:26:16.740Z] [runtime-status] [36065] Resolved module firebase-functions {"declared":true,"installed":true,"version":"3.11.0","resolution":"/Users/sven/code/skusebauch/react-amazon/functions/node_modules/firebase-functions/lib/index.js"} {"metadata":{"emulator":{"name":"functions"},"function":{"name":"api"},"message":"[runtime-status] [36065] Resolved module firebase-functions {\"declared\":true,\"installed\":true,\"version\":\"3.11.0\",\"resolution\":\"/Users/sven/code/skusebauch/react-amazon/functions/node_modules/firebase-functions/lib/index.js\"}"}}
[debug] [2020-09-28T14:26:16.741Z] [runtime-status] [36065] Resolved module firebase-admin {"declared":true,"installed":true,"version":"8.13.0","resolution":"/Users/sven/code/skusebauch/react-amazon/functions/node_modules/firebase-admin/lib/index.js"} {"metadata":{"emulator":{"name":"functions"},"function":{"name":"api"},"message":"[runtime-status] [36065] Resolved module firebase-admin {\"declared\":true,\"installed\":true,\"version\":\"8.13.0\",\"resolution\":\"/Users/sven/code/skusebauch/react-amazon/functions/node_modules/firebase-admin/lib/index.js\"}"}}
[debug] [2020-09-28T14:26:16.741Z] [runtime-status] [36065] Resolved module firebase-functions {"declared":true,"installed":true,"version":"3.11.0","resolution":"/Users/sven/code/skusebauch/react-amazon/functions/node_modules/firebase-functions/lib/index.js"} {"metadata":{"emulator":{"name":"functions"},"function":{"name":"api"},"message":"[runtime-status] [36065] Resolved module firebase-functions {\"declared\":true,\"installed\":true,\"version\":\"3.11.0\",\"resolution\":\"/Users/sven/code/skusebauch/react-amazon/functions/node_modules/firebase-functions/lib/index.js\"}"}}
[debug] [2020-09-28T14:26:16.741Z] [runtime-status] [36065] firebase-admin has been stubbed. {"adminResolution":{"declared":true,"installed":true,"version":"8.13.0","resolution":"/Users/sven/code/skusebauch/react-amazon/functions/node_modules/firebase-admin/lib/index.js"}} {"metadata":{"emulator":{"name":"functions"},"function":{"name":"api"},"message":"[runtime-status] [36065] firebase-admin has been stubbed. {\"adminResolution\":{\"declared\":true,\"installed\":true,\"version\":\"8.13.0\",\"resolution\":\"/Users/sven/code/skusebauch/react-amazon/functions/node_modules/firebase-admin/lib/index.js\"}}"}}
[debug] [2020-09-28T14:26:16.899Z] [runtime-status] [36065] Trigger "api" has been found, beginning invocation! {"metadata":{"emulator":{"name":"functions"},"function":{"name":"api"},"message":"[runtime-status] [36065] Trigger \"api\" has been found, beginning invocation!"}}
[info] i  functions: Beginning execution of "api" {"metadata":{"emulator":{"name":"functions"},"function":{"name":"api"},"message":"Beginning execution of \"api\""}}
[debug] [2020-09-28T14:26:16.900Z] [runtime-status] [36065] triggerDefinition {"httpsTrigger":{},"name":"api","entryPoint":"api"} {"metadata":{"emulator":{"name":"functions"},"function":{"name":"api"},"message":"[runtime-status] [36065] triggerDefinition {\"httpsTrigger\":{},\"name\":\"api\",\"entryPoint\":\"api\"}"}}
[debug] [2020-09-28T14:26:16.900Z] [runtime-status] [36065] Running api in mode HTTPS {"metadata":{"emulator":{"name":"functions"},"function":{"name":"api"},"message":"[runtime-status] [36065] Running api in mode HTTPS"}}
[debug] [2020-09-28T14:26:16.902Z] [runtime-status] [36065] Attempting to listen to socketPath: /var/folders/b5/jn08w1vj35138wjcsrlxkr4c0000gn/T/fire_emu_36065.sock {"metadata":{"emulator":{"name":"functions"},"function":{"name":"api"},"message":"[runtime-status] [36065] Attempting to listen to socketPath: /var/folders/b5/jn08w1vj35138wjcsrlxkr4c0000gn/T/fire_emu_36065.sock"}}
[debug] [2020-09-28T14:26:16.904Z] [functions] Runtime ready! Sending request! {"metadata":{"emulator":{"name":"functions"},"message":"[functions] Runtime ready! Sending request!"}}
[debug] [2020-09-28T14:26:16.910Z] [runtime-status] [36065] Ephemeral server handling POST request {"metadata":{"emulator":{"name":"functions"},"function":{"name":"api"},"message":"[runtime-status] [36065] Ephemeral server handling POST request"}}
[info] >  payment request recieved booom! >>  378098.00000000006 {"user":"payment request recieved booom! >>  378098.00000000006","metadata":{"emulator":{"name":"functions"},"function":{"name":"api"},"message":"\u001b[90m> \u001b[39m payment request recieved booom! >>  378098.00000000006"}}
[debug] [2020-09-28T14:26:16.921Z] [runtime-status] [36065] Ephemeral server survived. {"metadata":{"emulator":{"name":"functions"},"function":{"name":"api"},"message":"[runtime-status] [36065] Ephemeral server survived."}}
[info] >  (node:36065) UnhandledPromiseRejectionWarning: Error: Invalid integer: 378098.00000000006 {"user":"(node:36065) UnhandledPromiseRejectionWarning: Error: Invalid integer: 378098.00000000006","metadata":{"emulator":{"name":"functions"},"function":{"name":"api"},"message":"\u001b[90m> \u001b[39m (node:36065) UnhandledPromiseRejectionWarning: Error: Invalid integer: 378098.00000000006"}}
[info] >      at Function.generate (/Users/sven/code/skusebauch/react-amazon/functions/node_modules/stripe/lib/Error.js:39:16) {"user":"    at Function.generate (/Users/sven/code/skusebauch/react-amazon/functions/node_modules/stripe/lib/Error.js:39:16)","metadata":{"emulator":{"name":"functions"},"function":{"name":"api"},"message":"\u001b[90m> \u001b[39m     at Function.generate (/Users/sven/code/skusebauch/react-amazon/functions/node_modules/stripe/lib/Error.js:39:16)"}}
[info] >      at IncomingMessage.<anonymous> (/Users/sven/code/skusebauch/react-amazon/functions/node_modules/stripe/lib/StripeResource.js:190:33) {"user":"    at IncomingMessage.<anonymous> (/Users/sven/code/skusebauch/react-amazon/functions/node_modules/stripe/lib/StripeResource.js:190:33)","metadata":{"emulator":{"name":"functions"},"function":{"name":"api"},"message":"\u001b[90m> \u001b[39m     at IncomingMessage.<anonymous> (/Users/sven/code/skusebauch/react-amazon/functions/node_modules/stripe/lib/StripeResource.js:190:33)"}}
[info] >      at Object.onceWrapper (events.js:420:28) {"user":"    at Object.onceWrapper (events.js:420:28)","metadata":{"emulator":{"name":"functions"},"function":{"name":"api"},"message":"\u001b[90m> \u001b[39m     at Object.onceWrapper (events.js:420:28)"}}
[info] >      at IncomingMessage.emit (events.js:326:22) {"user":"    at IncomingMessage.emit (events.js:326:22)","metadata":{"emulator":{"name":"functions"},"function":{"name":"api"},"message":"\u001b[90m> \u001b[39m     at IncomingMessage.emit (events.js:326:22)"}}
[info] >      at endReadableNT (_stream_readable.js:1308:12) {"user":"    at endReadableNT (_stream_readable.js:1308:12)","metadata":{"emulator":{"name":"functions"},"function":{"name":"api"},"message":"\u001b[90m> \u001b[39m     at endReadableNT (_stream_readable.js:1308:12)"}}
[info] >      at processTicksAndRejections (internal/process/task_queues.js:80:21) {"user":"    at processTicksAndRejections (internal/process/task_queues.js:80:21)","metadata":{"emulator":{"name":"functions"},"function":{"name":"api"},"message":"\u001b[90m> \u001b[39m     at processTicksAndRejections (internal/process/task_queues.js:80:21)"}}
[info] >  (Use `node --trace-warnings ...` to show where the warning was created) {"user":"(Use `node --trace-warnings ...` to show where the warning was created)","metadata":{"emulator":{"name":"functions"},"function":{"name":"api"},"message":"\u001b[90m> \u001b[39m (Use `node --trace-warnings ...` to show where the warning was created)"}}
[info] >  (node:36065) UnhandledPromiseRejectionWarning: Unhandled promise rejection. This error originated either by throwing inside of an async function without a catch block, or by rejecting a promise which was not handled with .catch(). To terminate the node process on unhandled promise rejection, use the CLI flag `--unhandled-rejections=strict` (see https://nodejs.org/api/cli.html#cli_unhandled_rejections_mode). (rejection id: 1) {"user":"(node:36065) UnhandledPromiseRejectionWarning: Unhandled promise rejection. This error originated either by throwing inside of an async function without a catch block, or by rejecting a promise which was not handled with .catch(). To terminate the node process on unhandled promise rejection, use the CLI flag `--unhandled-rejections=strict` (see https://nodejs.org/api/cli.html#cli_unhandled_rejections_mode). (rejection id: 1)","metadata":{"emulator":{"name":"functions"},"function":{"name":"api"},"message":"\u001b[90m> \u001b[39m (node:36065) UnhandledPromiseRejectionWarning: Unhandled promise rejection. This error originated either by throwing inside of an async function without a catch block, or by rejecting a promise which was not handled with .catch(). To terminate the node process on unhandled promise rejection, use the CLI flag `--unhandled-rejections=strict` (see https://nodejs.org/api/cli.html#cli_unhandled_rejections_mode). (rejection id: 1)"}}
[info] >  (node:36065) [DEP0018] DeprecationWarning: Unhandled promise rejections are deprecated. In the future, promise rejections that are not handled will terminate the Node.js process with a non-zero exit code. {"user":"(node:36065) [DEP0018] DeprecationWarning: Unhandled promise rejections are deprecated. In the future, promise rejections that are not handled will terminate the Node.js process with a non-zero exit code.","metadata":{"emulator":{"name":"functions"},"function":{"name":"api"},"message":"\u001b[90m> \u001b[39m (node:36065) [DEP0018] DeprecationWarning: Unhandled promise rejections are deprecated. In the future, promise rejections that are not handled will terminate the Node.js process with a non-zero exit code."}}
[debug] [2020-09-28T14:26:37.601Z] [work-queue] {"queueLength":1,"workRunningCount":1}
[debug] [2020-09-28T14:26:37.601Z] [work-queue] {"queueLength":0,"workRunningCount":2}
[debug] [2020-09-28T14:26:37.602Z] Accepted request POST /react-5453f/us-central1/api/payments/create?total=302668 --> api
[debug] [2020-09-28T14:26:37.605Z] [worker-pool] addWorker(api) {"metadata":{"emulator":{"name":"functions"},"message":"[worker-pool] addWorker(api)"}}
[debug] [2020-09-28T14:26:37.606Z] [worker-pool] Adding worker with key api, total=2 {"metadata":{"emulator":{"name":"functions"},"message":"[worker-pool] Adding worker with key api, total=2"}}
[debug] [2020-09-28T14:26:37.606Z] [worker-pool] submitWork(triggerId=api) {"metadata":{"emulator":{"name":"functions"},"message":"[worker-pool] submitWork(triggerId=api)"}}
[debug] [2020-09-28T14:26:37.606Z] [worker-api-97642c19-7858-4bb5-af7d-a625f4eb6262]: Assigning socketPath: /var/folders/b5/jn08w1vj35138wjcsrlxkr4c0000gn/T/fire_emu_36070.sock {"metadata":{"emulator":{"name":"functions"},"message":"[worker-api-97642c19-7858-4bb5-af7d-a625f4eb6262]: Assigning socketPath: /var/folders/b5/jn08w1vj35138wjcsrlxkr4c0000gn/T/fire_emu_36070.sock"}}
[debug] [2020-09-28T14:26:37.606Z] [worker-api-97642c19-7858-4bb5-af7d-a625f4eb6262]: BUSY {"metadata":{"emulator":{"name":"functions"},"message":"[worker-api-97642c19-7858-4bb5-af7d-a625f4eb6262]: BUSY"}}
[debug] [2020-09-28T14:26:37.816Z] [runtime-status] [36070] Functions runtime initialized. {"cwd":"/Users/sven/code/skusebauch/react-amazon/functions","node_version":"14.10.0"} {"metadata":{"emulator":{"name":"functions"},"function":{"name":"api"},"message":"[runtime-status] [36070] Functions runtime initialized. {\"cwd\":\"/Users/sven/code/skusebauch/react-amazon/functions\",\"node_version\":\"14.10.0\"}"}}
[debug] [2020-09-28T14:26:37.817Z] [runtime-status] [36070] Disabled runtime features: undefined {"metadata":{"emulator":{"name":"functions"},"function":{"name":"api"},"message":"[runtime-status] [36070] Disabled runtime features: undefined"}}
[debug] [2020-09-28T14:26:37.819Z] [runtime-status] [36070] Resolved module firebase-admin {"declared":true,"installed":true,"version":"8.13.0","resolution":"/Users/sven/code/skusebauch/react-amazon/functions/node_modules/firebase-admin/lib/index.js"} {"metadata":{"emulator":{"name":"functions"},"function":{"name":"api"},"message":"[runtime-status] [36070] Resolved module firebase-admin {\"declared\":true,\"installed\":true,\"version\":\"8.13.0\",\"resolution\":\"/Users/sven/code/skusebauch/react-amazon/functions/node_modules/firebase-admin/lib/index.js\"}"}}
[debug] [2020-09-28T14:26:37.819Z] [runtime-status] [36070] Resolved module firebase-functions {"declared":true,"installed":true,"version":"3.11.0","resolution":"/Users/sven/code/skusebauch/react-amazon/functions/node_modules/firebase-functions/lib/index.js"} {"metadata":{"emulator":{"name":"functions"},"function":{"name":"api"},"message":"[runtime-status] [36070] Resolved module firebase-functions {\"declared\":true,\"installed\":true,\"version\":\"3.11.0\",\"resolution\":\"/Users/sven/code/skusebauch/react-amazon/functions/node_modules/firebase-functions/lib/index.js\"}"}}
[debug] [2020-09-28T14:26:37.820Z] [runtime-status] [36070] Resolved module firebase-functions {"declared":true,"installed":true,"version":"3.11.0","resolution":"/Users/sven/code/skusebauch/react-amazon/functions/node_modules/firebase-functions/lib/index.js"} {"metadata":{"emulator":{"name":"functions"},"function":{"name":"api"},"message":"[runtime-status] [36070] Resolved module firebase-functions {\"declared\":true,\"installed\":true,\"version\":\"3.11.0\",\"resolution\":\"/Users/sven/code/skusebauch/react-amazon/functions/node_modules/firebase-functions/lib/index.js\"}"}}
[debug] [2020-09-28T14:26:37.822Z] [runtime-status] [36070] Outgoing network have been stubbed. [{"name":"http","status":"mocked"},{"name":"http","status":"mocked"},{"name":"https","status":"mocked"},{"name":"https","status":"mocked"},{"name":"net","status":"mocked"}] {"metadata":{"emulator":{"name":"functions"},"function":{"name":"api"},"message":"[runtime-status] [36070] Outgoing network have been stubbed. [{\"name\":\"http\",\"status\":\"mocked\"},{\"name\":\"http\",\"status\":\"mocked\"},{\"name\":\"https\",\"status\":\"mocked\"},{\"name\":\"https\",\"status\":\"mocked\"},{\"name\":\"net\",\"status\":\"mocked\"}]"}}
[debug] [2020-09-28T14:26:37.822Z] [runtime-status] [36070] Resolved module firebase-functions {"declared":true,"installed":true,"version":"3.11.0","resolution":"/Users/sven/code/skusebauch/react-amazon/functions/node_modules/firebase-functions/lib/index.js"} {"metadata":{"emulator":{"name":"functions"},"function":{"name":"api"},"message":"[runtime-status] [36070] Resolved module firebase-functions {\"declared\":true,\"installed\":true,\"version\":\"3.11.0\",\"resolution\":\"/Users/sven/code/skusebauch/react-amazon/functions/node_modules/firebase-functions/lib/index.js\"}"}}
[debug] [2020-09-28T14:26:37.846Z] [runtime-status] [36070] Checked functions.config() {"config":{}} {"metadata":{"emulator":{"name":"functions"},"function":{"name":"api"},"message":"[runtime-status] [36070] Checked functions.config() {\"config\":{}}"}}
[debug] [2020-09-28T14:26:37.846Z] [runtime-status] [36070] firebase-functions has been stubbed. {"functionsResolution":{"declared":true,"installed":true,"version":"3.11.0","resolution":"/Users/sven/code/skusebauch/react-amazon/functions/node_modules/firebase-functions/lib/index.js"}} {"metadata":{"emulator":{"name":"functions"},"function":{"name":"api"},"message":"[runtime-status] [36070] firebase-functions has been stubbed. {\"functionsResolution\":{\"declared\":true,\"installed\":true,\"version\":\"3.11.0\",\"resolution\":\"/Users/sven/code/skusebauch/react-amazon/functions/node_modules/firebase-functions/lib/index.js\"}}"}}
[debug] [2020-09-28T14:26:37.846Z] [runtime-status] [36070] Resolved module firebase-functions {"declared":true,"installed":true,"version":"3.11.0","resolution":"/Users/sven/code/skusebauch/react-amazon/functions/node_modules/firebase-functions/lib/index.js"} {"metadata":{"emulator":{"name":"functions"},"function":{"name":"api"},"message":"[runtime-status] [36070] Resolved module firebase-functions {\"declared\":true,\"installed\":true,\"version\":\"3.11.0\",\"resolution\":\"/Users/sven/code/skusebauch/react-amazon/functions/node_modules/firebase-functions/lib/index.js\"}"}}
[debug] [2020-09-28T14:26:37.847Z] [runtime-status] [36070] Resolved module firebase-admin {"declared":true,"installed":true,"version":"8.13.0","resolution":"/Users/sven/code/skusebauch/react-amazon/functions/node_modules/firebase-admin/lib/index.js"} {"metadata":{"emulator":{"name":"functions"},"function":{"name":"api"},"message":"[runtime-status] [36070] Resolved module firebase-admin {\"declared\":true,\"installed\":true,\"version\":\"8.13.0\",\"resolution\":\"/Users/sven/code/skusebauch/react-amazon/functions/node_modules/firebase-admin/lib/index.js\"}"}}
[debug] [2020-09-28T14:26:37.847Z] [runtime-status] [36070] Resolved module firebase-functions {"declared":true,"installed":true,"version":"3.11.0","resolution":"/Users/sven/code/skusebauch/react-amazon/functions/node_modules/firebase-functions/lib/index.js"} {"metadata":{"emulator":{"name":"functions"},"function":{"name":"api"},"message":"[runtime-status] [36070] Resolved module firebase-functions {\"declared\":true,\"installed\":true,\"version\":\"3.11.0\",\"resolution\":\"/Users/sven/code/skusebauch/react-amazon/functions/node_modules/firebase-functions/lib/index.js\"}"}}
[debug] [2020-09-28T14:26:37.847Z] [runtime-status] [36070] firebase-admin has been stubbed. {"adminResolution":{"declared":true,"installed":true,"version":"8.13.0","resolution":"/Users/sven/code/skusebauch/react-amazon/functions/node_modules/firebase-admin/lib/index.js"}} {"metadata":{"emulator":{"name":"functions"},"function":{"name":"api"},"message":"[runtime-status] [36070] firebase-admin has been stubbed. {\"adminResolution\":{\"declared\":true,\"installed\":true,\"version\":\"8.13.0\",\"resolution\":\"/Users/sven/code/skusebauch/react-amazon/functions/node_modules/firebase-admin/lib/index.js\"}}"}}
[debug] [2020-09-28T14:26:37.909Z] [runtime-status] [36070] Trigger "api" has been found, beginning invocation! {"metadata":{"emulator":{"name":"functions"},"function":{"name":"api"},"message":"[runtime-status] [36070] Trigger \"api\" has been found, beginning invocation!"}}
[info] i  functions: Beginning execution of "api" {"metadata":{"emulator":{"name":"functions"},"function":{"name":"api"},"message":"Beginning execution of \"api\""}}
[debug] [2020-09-28T14:26:37.910Z] [runtime-status] [36070] triggerDefinition {"httpsTrigger":{},"name":"api","entryPoint":"api"} {"metadata":{"emulator":{"name":"functions"},"function":{"name":"api"},"message":"[runtime-status] [36070] triggerDefinition {\"httpsTrigger\":{},\"name\":\"api\",\"entryPoint\":\"api\"}"}}
[debug] [2020-09-28T14:26:37.910Z] [runtime-status] [36070] Running api in mode HTTPS {"metadata":{"emulator":{"name":"functions"},"function":{"name":"api"},"message":"[runtime-status] [36070] Running api in mode HTTPS"}}
[debug] [2020-09-28T14:26:37.912Z] [runtime-status] [36070] Attempting to listen to socketPath: /var/folders/b5/jn08w1vj35138wjcsrlxkr4c0000gn/T/fire_emu_36070.sock {"metadata":{"emulator":{"name":"functions"},"function":{"name":"api"},"message":"[runtime-status] [36070] Attempting to listen to socketPath: /var/folders/b5/jn08w1vj35138wjcsrlxkr4c0000gn/T/fire_emu_36070.sock"}}
[debug] [2020-09-28T14:26:37.914Z] [functions] Runtime ready! Sending request! {"metadata":{"emulator":{"name":"functions"},"message":"[functions] Runtime ready! Sending request!"}}
[debug] [2020-09-28T14:26:37.920Z] [runtime-status] [36070] Ephemeral server handling POST request {"metadata":{"emulator":{"name":"functions"},"function":{"name":"api"},"message":"[runtime-status] [36070] Ephemeral server handling POST request"}}
[info] >  payment request recieved booom! >>  302668 {"user":"payment request recieved booom! >>  302668","metadata":{"emulator":{"name":"functions"},"function":{"name":"api"},"message":"\u001b[90m> \u001b[39m payment request recieved booom! >>  302668"}}
[debug] [2020-09-28T14:26:37.928Z] [runtime-status] [36070] Ephemeral server survived. {"metadata":{"emulator":{"name":"functions"},"function":{"name":"api"},"message":"[runtime-status] [36070] Ephemeral server survived."}}
[info] i  functions: Finished "api" in ~1s {"metadata":{"emulator":{"name":"functions"},"function":{"name":"api"},"message":"Finished \"api\" in ~1s"}}
[debug] [2020-09-28T14:26:38.387Z] [worker-api-97642c19-7858-4bb5-af7d-a625f4eb6262]: IDLE {"metadata":{"emulator":{"name":"functions"},"message":"[worker-api-97642c19-7858-4bb5-af7d-a625f4eb6262]: IDLE"}}
[debug] [2020-09-28T14:26:38.387Z] [work-queue] {"queueLength":0,"workRunningCount":1}
[debug] [2020-09-28T14:26:40.132Z] [work-queue] {"queueLength":1,"workRunningCount":1}
[debug] [2020-09-28T14:26:40.132Z] [work-queue] {"queueLength":0,"workRunningCount":2}
[debug] [2020-09-28T14:26:40.132Z] Accepted request POST /react-5453f/us-central1/api/payments/create?total=227238 --> api
[debug] [2020-09-28T14:26:40.132Z] [worker-pool] submitWork(triggerId=api) {"metadata":{"emulator":{"name":"functions"},"message":"[worker-pool] submitWork(triggerId=api)"}}
[debug] [2020-09-28T14:26:40.133Z] [worker-api-97642c19-7858-4bb5-af7d-a625f4eb6262]: Assigning socketPath: /var/folders/b5/jn08w1vj35138wjcsrlxkr4c0000gn/T/fire_emu_36070.sock {"metadata":{"emulator":{"name":"functions"},"message":"[worker-api-97642c19-7858-4bb5-af7d-a625f4eb6262]: Assigning socketPath: /var/folders/b5/jn08w1vj35138wjcsrlxkr4c0000gn/T/fire_emu_36070.sock"}}
[debug] [2020-09-28T14:26:40.133Z] [worker-api-97642c19-7858-4bb5-af7d-a625f4eb6262]: BUSY {"metadata":{"emulator":{"name":"functions"},"message":"[worker-api-97642c19-7858-4bb5-af7d-a625f4eb6262]: BUSY"}}
[debug] [2020-09-28T14:26:40.133Z] [runtime-status] [36070] Trigger "api" has been found, beginning invocation! {"metadata":{"emulator":{"name":"functions"},"function":{"name":"api"},"message":"[runtime-status] [36070] Trigger \"api\" has been found, beginning invocation!"}}
[info] i  functions: Beginning execution of "api" {"metadata":{"emulator":{"name":"functions"},"function":{"name":"api"},"message":"Beginning execution of \"api\""}}
[debug] [2020-09-28T14:26:40.134Z] [runtime-status] [36070] triggerDefinition {"httpsTrigger":{},"name":"api","entryPoint":"api"} {"metadata":{"emulator":{"name":"functions"},"function":{"name":"api"},"message":"[runtime-status] [36070] triggerDefinition {\"httpsTrigger\":{},\"name\":\"api\",\"entryPoint\":\"api\"}"}}
[debug] [2020-09-28T14:26:40.134Z] [runtime-status] [36070] Running api in mode HTTPS {"metadata":{"emulator":{"name":"functions"},"function":{"name":"api"},"message":"[runtime-status] [36070] Running api in mode HTTPS"}}
[debug] [2020-09-28T14:26:40.134Z] [runtime-status] [36070] Attempting to listen to socketPath: /var/folders/b5/jn08w1vj35138wjcsrlxkr4c0000gn/T/fire_emu_36070.sock {"metadata":{"emulator":{"name":"functions"},"function":{"name":"api"},"message":"[runtime-status] [36070] Attempting to listen to socketPath: /var/folders/b5/jn08w1vj35138wjcsrlxkr4c0000gn/T/fire_emu_36070.sock"}}
[debug] [2020-09-28T14:26:40.136Z] [functions] Runtime ready! Sending request! {"metadata":{"emulator":{"name":"functions"},"message":"[functions] Runtime ready! Sending request!"}}
[debug] [2020-09-28T14:26:40.138Z] [runtime-status] [36070] Ephemeral server handling POST request {"metadata":{"emulator":{"name":"functions"},"function":{"name":"api"},"message":"[runtime-status] [36070] Ephemeral server handling POST request"}}
[info] >  payment request recieved booom! >>  227238 {"user":"payment request recieved booom! >>  227238","metadata":{"emulator":{"name":"functions"},"function":{"name":"api"},"message":"\u001b[90m> \u001b[39m payment request recieved booom! >>  227238"}}
[debug] [2020-09-28T14:26:40.139Z] [runtime-status] [36070] Ephemeral server survived. {"metadata":{"emulator":{"name":"functions"},"function":{"name":"api"},"message":"[runtime-status] [36070] Ephemeral server survived."}}
[info] i  functions: Finished "api" in ~1s {"metadata":{"emulator":{"name":"functions"},"function":{"name":"api"},"message":"Finished \"api\" in ~1s"}}
[debug] [2020-09-28T14:26:40.436Z] [worker-api-97642c19-7858-4bb5-af7d-a625f4eb6262]: IDLE {"metadata":{"emulator":{"name":"functions"},"message":"[worker-api-97642c19-7858-4bb5-af7d-a625f4eb6262]: IDLE"}}
[debug] [2020-09-28T14:26:40.436Z] [work-queue] {"queueLength":0,"workRunningCount":1}
[debug] [2020-09-28T14:26:59.622Z] [work-queue] {"queueLength":1,"workRunningCount":1}
[debug] [2020-09-28T14:26:59.622Z] [work-queue] {"queueLength":0,"workRunningCount":2}
[debug] [2020-09-28T14:26:59.622Z] Accepted request POST /react-5453f/us-central1/api/payments/create?total=0 --> api
[debug] [2020-09-28T14:26:59.622Z] [worker-pool] submitWork(triggerId=api) {"metadata":{"emulator":{"name":"functions"},"message":"[worker-pool] submitWork(triggerId=api)"}}
[debug] [2020-09-28T14:26:59.622Z] [worker-api-97642c19-7858-4bb5-af7d-a625f4eb6262]: Assigning socketPath: /var/folders/b5/jn08w1vj35138wjcsrlxkr4c0000gn/T/fire_emu_36070.sock {"metadata":{"emulator":{"name":"functions"},"message":"[worker-api-97642c19-7858-4bb5-af7d-a625f4eb6262]: Assigning socketPath: /var/folders/b5/jn08w1vj35138wjcsrlxkr4c0000gn/T/fire_emu_36070.sock"}}
[debug] [2020-09-28T14:26:59.622Z] [worker-api-97642c19-7858-4bb5-af7d-a625f4eb6262]: BUSY {"metadata":{"emulator":{"name":"functions"},"message":"[worker-api-97642c19-7858-4bb5-af7d-a625f4eb6262]: BUSY"}}
[debug] [2020-09-28T14:26:59.623Z] [runtime-status] [36070] Trigger "api" has been found, beginning invocation! {"metadata":{"emulator":{"name":"functions"},"function":{"name":"api"},"message":"[runtime-status] [36070] Trigger \"api\" has been found, beginning invocation!"}}
[info] i  functions: Beginning execution of "api" {"metadata":{"emulator":{"name":"functions"},"function":{"name":"api"},"message":"Beginning execution of \"api\""}}
[debug] [2020-09-28T14:26:59.623Z] [runtime-status] [36070] triggerDefinition {"httpsTrigger":{},"name":"api","entryPoint":"api"} {"metadata":{"emulator":{"name":"functions"},"function":{"name":"api"},"message":"[runtime-status] [36070] triggerDefinition {\"httpsTrigger\":{},\"name\":\"api\",\"entryPoint\":\"api\"}"}}
[debug] [2020-09-28T14:26:59.624Z] [runtime-status] [36070] Running api in mode HTTPS {"metadata":{"emulator":{"name":"functions"},"function":{"name":"api"},"message":"[runtime-status] [36070] Running api in mode HTTPS"}}
[debug] [2020-09-28T14:26:59.626Z] [runtime-status] [36070] Attempting to listen to socketPath: /var/folders/b5/jn08w1vj35138wjcsrlxkr4c0000gn/T/fire_emu_36070.sock {"metadata":{"emulator":{"name":"functions"},"function":{"name":"api"},"message":"[runtime-status] [36070] Attempting to listen to socketPath: /var/folders/b5/jn08w1vj35138wjcsrlxkr4c0000gn/T/fire_emu_36070.sock"}}
[debug] [2020-09-28T14:26:59.627Z] [functions] Runtime ready! Sending request! {"metadata":{"emulator":{"name":"functions"},"message":"[functions] Runtime ready! Sending request!"}}
[debug] [2020-09-28T14:26:59.630Z] [runtime-status] [36070] Ephemeral server handling POST request {"metadata":{"emulator":{"name":"functions"},"function":{"name":"api"},"message":"[runtime-status] [36070] Ephemeral server handling POST request"}}
[info] >  payment request recieved booom! >>  0 {"user":"payment request recieved booom! >>  0","metadata":{"emulator":{"name":"functions"},"function":{"name":"api"},"message":"\u001b[90m> \u001b[39m payment request recieved booom! >>  0"}}
[debug] [2020-09-28T14:26:59.632Z] [runtime-status] [36070] Ephemeral server survived. {"metadata":{"emulator":{"name":"functions"},"function":{"name":"api"},"message":"[runtime-status] [36070] Ephemeral server survived."}}
[info] >  (node:36070) UnhandledPromiseRejectionWarning: Error: This value must be greater than or equal to 1. {"user":"(node:36070) UnhandledPromiseRejectionWarning: Error: This value must be greater than or equal to 1.","metadata":{"emulator":{"name":"functions"},"function":{"name":"api"},"message":"\u001b[90m> \u001b[39m (node:36070) UnhandledPromiseRejectionWarning: Error: This value must be greater than or equal to 1."}}
[info] >      at Function.generate (/Users/sven/code/skusebauch/react-amazon/functions/node_modules/stripe/lib/Error.js:39:16) {"user":"    at Function.generate (/Users/sven/code/skusebauch/react-amazon/functions/node_modules/stripe/lib/Error.js:39:16)","metadata":{"emulator":{"name":"functions"},"function":{"name":"api"},"message":"\u001b[90m> \u001b[39m     at Function.generate (/Users/sven/code/skusebauch/react-amazon/functions/node_modules/stripe/lib/Error.js:39:16)"}}
[info] >      at IncomingMessage.<anonymous> (/Users/sven/code/skusebauch/react-amazon/functions/node_modules/stripe/lib/StripeResource.js:190:33) {"user":"    at IncomingMessage.<anonymous> (/Users/sven/code/skusebauch/react-amazon/functions/node_modules/stripe/lib/StripeResource.js:190:33)","metadata":{"emulator":{"name":"functions"},"function":{"name":"api"},"message":"\u001b[90m> \u001b[39m     at IncomingMessage.<anonymous> (/Users/sven/code/skusebauch/react-amazon/functions/node_modules/stripe/lib/StripeResource.js:190:33)"}}
[info] >      at Object.onceWrapper (events.js:420:28) {"user":"    at Object.onceWrapper (events.js:420:28)","metadata":{"emulator":{"name":"functions"},"function":{"name":"api"},"message":"\u001b[90m> \u001b[39m     at Object.onceWrapper (events.js:420:28)"}}
[info] >      at IncomingMessage.emit (events.js:326:22) {"user":"    at IncomingMessage.emit (events.js:326:22)","metadata":{"emulator":{"name":"functions"},"function":{"name":"api"},"message":"\u001b[90m> \u001b[39m     at IncomingMessage.emit (events.js:326:22)"}}
[info] >      at endReadableNT (_stream_readable.js:1308:12) {"user":"    at endReadableNT (_stream_readable.js:1308:12)","metadata":{"emulator":{"name":"functions"},"function":{"name":"api"},"message":"\u001b[90m> \u001b[39m     at endReadableNT (_stream_readable.js:1308:12)"}}
[info] >      at processTicksAndRejections (internal/process/task_queues.js:80:21) {"user":"    at processTicksAndRejections (internal/process/task_queues.js:80:21)","metadata":{"emulator":{"name":"functions"},"function":{"name":"api"},"message":"\u001b[90m> \u001b[39m     at processTicksAndRejections (internal/process/task_queues.js:80:21)"}}
[info] >  (Use `node --trace-warnings ...` to show where the warning was created) {"user":"(Use `node --trace-warnings ...` to show where the warning was created)","metadata":{"emulator":{"name":"functions"},"function":{"name":"api"},"message":"\u001b[90m> \u001b[39m (Use `node --trace-warnings ...` to show where the warning was created)"}}
[info] >  (node:36070) UnhandledPromiseRejectionWarning: Unhandled promise rejection. This error originated either by throwing inside of an async function without a catch block, or by rejecting a promise which was not handled with .catch(). To terminate the node process on unhandled promise rejection, use the CLI flag `--unhandled-rejections=strict` (see https://nodejs.org/api/cli.html#cli_unhandled_rejections_mode). (rejection id: 1) {"user":"(node:36070) UnhandledPromiseRejectionWarning: Unhandled promise rejection. This error originated either by throwing inside of an async function without a catch block, or by rejecting a promise which was not handled with .catch(). To terminate the node process on unhandled promise rejection, use the CLI flag `--unhandled-rejections=strict` (see https://nodejs.org/api/cli.html#cli_unhandled_rejections_mode). (rejection id: 1)","metadata":{"emulator":{"name":"functions"},"function":{"name":"api"},"message":"\u001b[90m> \u001b[39m (node:36070) UnhandledPromiseRejectionWarning: Unhandled promise rejection. This error originated either by throwing inside of an async function without a catch block, or by rejecting a promise which was not handled with .catch(). To terminate the node process on unhandled promise rejection, use the CLI flag `--unhandled-rejections=strict` (see https://nodejs.org/api/cli.html#cli_unhandled_rejections_mode). (rejection id: 1)"}}
[info] >  (node:36070) [DEP0018] DeprecationWarning: Unhandled promise rejections are deprecated. In the future, promise rejections that are not handled will terminate the Node.js process with a non-zero exit code. {"user":"(node:36070) [DEP0018] DeprecationWarning: Unhandled promise rejections are deprecated. In the future, promise rejections that are not handled will terminate the Node.js process with a non-zero exit code.","metadata":{"emulator":{"name":"functions"},"function":{"name":"api"},"message":"\u001b[90m> \u001b[39m (node:36070) [DEP0018] DeprecationWarning: Unhandled promise rejections are deprecated. In the future, promise rejections that are not handled will terminate the Node.js process with a non-zero exit code."}}
[warn] ⚠  functions: Your function timed out after ~60s. To configure this timeout, see
      https://firebase.google.com/docs/functions/manage-functions#set_timeout_and_memory_allocation. {"metadata":{"emulator":{"name":"functions"},"function":{"name":"api"},"message":"Your function timed out after ~60s. To configure this timeout, see\n      https://firebase.google.com/docs/functions/manage-functions#set_timeout_and_memory_allocation."}}
[info] >  /usr/local/lib/node_modules/firebase-tools/lib/emulator/functionsEmulatorRuntime.js:642 {"user":"/usr/local/lib/node_modules/firebase-tools/lib/emulator/functionsEmulatorRuntime.js:642","metadata":{"emulator":{"name":"functions"},"function":{"name":"api"},"message":"\u001b[90m> \u001b[39m /usr/local/lib/node_modules/firebase-tools/lib/emulator/functionsEmulatorRuntime.js:642"}}
[info] >                  throw new Error("Function timed out."); {"user":"                throw new Error(\"Function timed out.\");","metadata":{"emulator":{"name":"functions"},"function":{"name":"api"},"message":"\u001b[90m> \u001b[39m                 throw new Error(\"Function timed out.\");"}}
[info] >                  ^ {"user":"                ^","metadata":{"emulator":{"name":"functions"},"function":{"name":"api"},"message":"\u001b[90m> \u001b[39m                 ^"}}
[info] >   {"user":"","metadata":{"emulator":{"name":"functions"},"function":{"name":"api"},"message":"\u001b[90m> \u001b[39m "}}
[info] >  Error: Function timed out. {"user":"Error: Function timed out.","metadata":{"emulator":{"name":"functions"},"function":{"name":"api"},"message":"\u001b[90m> \u001b[39m Error: Function timed out."}}
[info] >      at Timeout._onTimeout (/usr/local/lib/node_modules/firebase-tools/lib/emulator/functionsEmulatorRuntime.js:642:23) {"user":"    at Timeout._onTimeout (/usr/local/lib/node_modules/firebase-tools/lib/emulator/functionsEmulatorRuntime.js:642:23)","metadata":{"emulator":{"name":"functions"},"function":{"name":"api"},"message":"\u001b[90m> \u001b[39m     at Timeout._onTimeout (/usr/local/lib/node_modules/firebase-tools/lib/emulator/functionsEmulatorRuntime.js:642:23)"}}
[info] >      at listOnTimeout (internal/timers.js:554:17) {"user":"    at listOnTimeout (internal/timers.js:554:17)","metadata":{"emulator":{"name":"functions"},"function":{"name":"api"},"message":"\u001b[90m> \u001b[39m     at listOnTimeout (internal/timers.js:554:17)"}}
[info] >      at processTimers (internal/timers.js:497:7) {"user":"    at processTimers (internal/timers.js:497:7)","metadata":{"emulator":{"name":"functions"},"function":{"name":"api"},"message":"\u001b[90m> \u001b[39m     at processTimers (internal/timers.js:497:7)"}}
[debug] [2020-09-28T14:27:16.910Z] [worker-api-e9427031-f0d3-4eac-81e4-11696ece9ad1]: exited {"metadata":{"emulator":{"name":"functions"},"message":"[worker-api-e9427031-f0d3-4eac-81e4-11696ece9ad1]: exited"}}
[debug] [2020-09-28T14:27:16.910Z] [worker-api-e9427031-f0d3-4eac-81e4-11696ece9ad1]: FINISHED {"metadata":{"emulator":{"name":"functions"},"message":"[worker-api-e9427031-f0d3-4eac-81e4-11696ece9ad1]: FINISHED"}}
[debug] [2020-09-28T14:27:16.910Z] [work-queue] {"queueLength":0,"workRunningCount":1}
